<?xml version="1.0" encoding="UTF-8"?>
<testng-results skipped="0" failed="0" ignored="0" total="1" passed="1">
  <reporter-output>
  </reporter-output>
  <suite name="NewMyFarmrise" duration-ms="44966" started-at="2019-01-27T16:03:11Z" finished-at="2019-01-27T16:03:56Z">
    <groups>
    </groups>
    <test name="test" duration-ms="44966" started-at="2019-01-27T16:03:11Z" finished-at="2019-01-27T16:03:56Z">
      <class name="farmRise.FarmRiseTestNg">
        <test-method status="PASS" signature="beforeTest()[pri:0, instance:farmRise.FarmRiseTestNg@62043840]" name="beforeTest" is-config="true" duration-ms="30" started-at="2019-01-27T16:03:11Z" finished-at="2019-01-27T16:03:11Z">
          <reporter-output>
          </reporter-output>
        </test-method> <!-- beforeTest -->
        <test-method status="PASS" signature="MyFirstTestNg()[pri:0, instance:farmRise.FarmRiseTestNg@62043840]" name="MyFirstTestNg" duration-ms="42878" started-at="2019-01-27T16:03:11Z" finished-at="2019-01-27T16:03:54Z">
          <reporter-output>
          </reporter-output>
        </test-method> <!-- MyFirstTestNg -->
        <test-method status="PASS" signature="afterTest()[pri:0, instance:farmRise.FarmRiseTestNg@62043840]" name="afterTest" is-config="true" duration-ms="1991" started-at="2019-01-27T16:03:54Z" finished-at="2019-01-27T16:03:56Z">
          <reporter-output>
          </reporter-output>
        </test-method> <!-- afterTest -->
      </class> <!-- farmRise.FarmRiseTestNg -->
    </test> <!-- test -->
  </suite> <!-- NewMyFarmrise -->
</testng-results>
